<?xml version="1.0" encoding="UTF-8"?>
<robot generator="Robot 7.1.1 (Python 3.12.8 on win32)" generated="2024-12-07T19:18:39.564855" rpa="false" schemaversion="5">
<suite id="s1" name="Tests" source="D:\Omat\Github\software-testing-2024\robot_examples\restful_booker_platform_testing_20240506\phase1\tests">
<suite id="s1-s1" name="Test" source="D:\Omat\Github\software-testing-2024\robot_examples\restful_booker_platform_testing_20240506\phase1\tests\test.robot">
<kw name="Open Browser And Login" type="SETUP">
<kw name="New Browser" owner="Browser">
<msg time="2024-12-07T19:18:40.323401" level="INFO">{"browser": "chromium", "headless": false, "chromiumSandbox": false, "devtools": false, "handleSIGHUP": true, "handleSIGINT": true, "handleSIGTERM": true, "slowMo": 1000.0, "timeout": 30000.0, "tracesDir": "D:\\Omat\\Github\\software-testing-2024\\robot_examples\\restful_booker_platform_testing_20240506\\phase1\\results\\browser\\traces\\temp\\dde51065-5a2c-4bb1-8e3d-e0675ac47656"}</msg>
<msg time="2024-12-07T19:18:40.486766" level="INFO">Starting Browser process D:\Omat\Github\software-testing-2024\robot_examples\restful_booker_platform_testing_20240506\.venv\Lib\site-packages\Browser\wrapper\index.js using port 53444</msg>
<msg time="2024-12-07T19:18:40.486766" level="INFO">Node startup parameters: ['node', 'D:\\Omat\\Github\\software-testing-2024\\robot_examples\\restful_booker_platform_testing_20240506\\.venv\\Lib\\site-packages\\Browser\\wrapper\\index.js', '53444']</msg>
<msg time="2024-12-07T19:18:44.333214" level="INFO">Successfully created browser with options: {"browser":"chromium","headless":false,"chromiumSandbox":false,"devtools":false,"handleSIGHUP":true,"handleSIGINT":true,"handleSIGTERM":true,"slowMo":1000,"timeout":30000,"tracesDir":"D:\\Omat\\Github\\software-testing-2024\\robot_examples\\restful_booker_platform_testing_20240506\\phase1\\results\\browser\\traces\\temp\\dde51065-5a2c-4bb1-8e3d-e0675ac47656"}</msg>
<arg>chromium</arg>
<arg>headless=false</arg>
<arg>slowMo=0:00:01</arg>
<tag>BrowserControl</tag>
<tag>Setter</tag>
<doc>Create a new playwright Browser with specified options.</doc>
<status status="PASS" start="2024-12-07T19:18:40.315275" elapsed="4.017939"/>
</kw>
<kw name="New Context" owner="Browser">
<msg time="2024-12-07T19:18:44.333214" level="INFO">{
  "acceptDownloads": true,
  "bypassCSP": false,
  "forcedColors": "none",
  "ignoreHTTPSErrors": false,
  "javaScriptEnabled": true,
  "offline": false,
  "reducedMotion": "no-preference",
  "serviceWorkers": "allow",
  "viewport": {
    "height": 720,
    "width": 1280
  }
}</msg>
<msg time="2024-12-07T19:18:44.378474" level="INFO">Successfully created context. </msg>
<msg time="2024-12-07T19:18:44.378474" level="INFO">{'acceptDownloads': True, 'bypassCSP': False, 'forcedColors': 'none', 'ignoreHTTPSErrors': False, 'javaScriptEnabled': True, 'offline': False, 'reducedMotion': 'no-preference', 'serviceWorkers': 'allow', 'viewport': {'height': 720, 'width': 1280}}</msg>
<tag>BrowserControl</tag>
<tag>Setter</tag>
<doc>Create a new BrowserContext with specified options.</doc>
<status status="PASS" start="2024-12-07T19:18:44.333214" elapsed="0.045260"/>
</kw>
<kw name="New Page" owner="Browser">
<msg time="2024-12-07T19:18:46.103502" level="INFO">Successfully initialized new page object and opened url: about:blank</msg>
<tag>BrowserControl</tag>
<tag>Setter</tag>
<doc>Open a new Page.</doc>
<status status="PASS" start="2024-12-07T19:18:44.378474" elapsed="1.725545"/>
</kw>
<kw name="Go To" owner="Browser">
<msg time="2024-12-07T19:18:47.744855" level="INFO">Successfully opened URL https://automationintesting.online/#/admin</msg>
<arg>${URL}</arg>
<tag>BrowserControl</tag>
<tag>Setter</tag>
<doc>Navigates to the given ``url``.</doc>
<status status="PASS" start="2024-12-07T19:18:46.104019" elapsed="1.640836"/>
</kw>
<kw name="Click" owner="Browser">
<msg time="2024-12-07T19:18:47.746855" level="INFO">Clicks the element '"Let me hack!"'.</msg>
<arg>"Let me hack!"</arg>
<tag>PageContent</tag>
<tag>Setter</tag>
<doc>Simulates mouse click on the element found by ``selector``.</doc>
<status status="PASS" start="2024-12-07T19:18:47.745857" elapsed="1.167150"/>
</kw>
<kw name="Fill Text" owner="Browser">
<msg time="2024-12-07T19:18:48.914524" level="INFO">Fills the text 'admin' in the given field.</msg>
<arg>data-testid=username</arg>
<arg>${login}</arg>
<tag>PageContent</tag>
<tag>Setter</tag>
<doc>Clears and fills the given ``txt`` into the text field found by ``selector``.</doc>
<status status="PASS" start="2024-12-07T19:18:48.913007" elapsed="1.033356"/>
</kw>
<kw name="Fill Secret" owner="Browser">
<arg>data-testid=password</arg>
<arg>$password</arg>
<tag>PageContent</tag>
<tag>Setter</tag>
<doc>Fills the given secret from ``variable_name`` into the
text field found by ``selector``.</doc>
<status status="PASS" start="2024-12-07T19:18:49.946363" elapsed="1.047428"/>
</kw>
<kw name="Click" owner="Browser">
<msg time="2024-12-07T19:18:50.996736" level="INFO">Clicks the element 'data-testid=submit'.</msg>
<arg>data-testid=submit</arg>
<tag>PageContent</tag>
<tag>Setter</tag>
<doc>Simulates mouse click on the element found by ``selector``.</doc>
<status status="PASS" start="2024-12-07T19:18:50.994799" elapsed="1.078652"/>
</kw>
<status status="PASS" start="2024-12-07T19:18:40.315275" elapsed="11.758176"/>
</kw>
<test id="s1-s1-t1" name="Test1" line="27">
<kw name="Verify Branding">
<kw name="Click" owner="Browser">
<msg time="2024-12-07T19:18:52.092428" level="INFO">Clicks the element '"Branding"'.</msg>
<arg>"Branding"</arg>
<tag>PageContent</tag>
<tag>Setter</tag>
<doc>Simulates mouse click on the element found by ``selector``.</doc>
<status status="PASS" start="2024-12-07T19:18:52.087394" elapsed="1.110342"/>
</kw>
<kw name="Get Text" owner="Browser">
<msg time="2024-12-07T19:18:53.265018" level="INFO">Text: 'Shady Meadows B&amp;B'</msg>
<msg time="2024-12-07T19:18:53.265018" level="INFO">${branding} = Shady Meadows B&amp;B</msg>
<var>${branding}</var>
<arg>id=name</arg>
<tag>Assertion</tag>
<tag>Getter</tag>
<tag>PageContent</tag>
<doc>Returns text attribute of the element found by ``selector``.</doc>
<status status="PASS" start="2024-12-07T19:18:53.197736" elapsed="0.067282"/>
</kw>
<kw name="Should Be Equal" owner="BuiltIn">
<arg>${branding}</arg>
<arg>${BRANDING_TEXT}</arg>
<doc>Fails if the given objects are unequal.</doc>
<status status="PASS" start="2024-12-07T19:18:53.265018" elapsed="0.000000"/>
</kw>
<status status="PASS" start="2024-12-07T19:18:52.087394" elapsed="1.177624"/>
</kw>
<status status="PASS" start="2024-12-07T19:18:52.073451" elapsed="1.191567"/>
</test>
<kw name="Close Browser" type="TEARDOWN">
<kw name="Close Browser" owner="Browser">
<msg time="2024-12-07T19:18:55.562441" level="INFO">Closed browser</msg>
<tag>BrowserControl</tag>
<tag>Setter</tag>
<doc>Closes the current browser.</doc>
<status status="PASS" start="2024-12-07T19:18:53.287711" elapsed="2.274730"/>
</kw>
<status status="PASS" start="2024-12-07T19:18:53.287711" elapsed="2.274730"/>
</kw>
<doc>Testing Restful Booker Platform</doc>
<status status="PASS" start="2024-12-07T19:18:39.685946" elapsed="15.876495"/>
</suite>
<status status="PASS" start="2024-12-07T19:18:39.584808" elapsed="16.039629"/>
</suite>
<statistics>
<total>
<stat pass="1" fail="0" skip="0">All Tests</stat>
</total>
<tag>
</tag>
<suite>
<stat pass="1" fail="0" skip="0" id="s1" name="Tests">Tests</stat>
<stat pass="1" fail="0" skip="0" id="s1-s1" name="Test">Tests.Test</stat>
</suite>
</statistics>
<errors>
</errors>
</robot>
