<?xml version="1.0" encoding="UTF-8"?>
<robot generator="Robot 7.1.1 (Python 3.12.8 on win32)" generated="2024-12-06T17:28:40.075209" rpa="false" schemaversion="5">
<suite id="s1" name="Tests" source="D:\Omat\Github\software-testing-2024\robot_examples\demo_browser_20240506\tests">
<suite id="s1-s1" name="Test" source="D:\Omat\Github\software-testing-2024\robot_examples\demo_browser_20240506\tests\test.robot">
<test id="s1-s1-t1" name="Open and Check Page" line="22">
<kw name="New Browser" owner="Browser">
<msg time="2024-12-06T17:28:40.597983" level="INFO">{"browser": "chromium", "headless": false, "chromiumSandbox": false, "devtools": false, "handleSIGHUP": true, "handleSIGINT": true, "handleSIGTERM": true, "slowMo": 0.0, "timeout": 30000.0, "tracesDir": "D:\\Omat\\Github\\software-testing-2024\\robot_examples\\demo_browser_20240506\\browser\\traces\\temp\\e6019145-fb10-4298-a66c-6f66df0b35cd"}</msg>
<msg time="2024-12-06T17:28:40.740082" level="INFO">Starting Browser process D:\Omat\Github\software-testing-2024\robot_examples\demo_browser_20240506\.venv\Lib\site-packages\Browser\wrapper\index.js using port 50865</msg>
<msg time="2024-12-06T17:28:40.740082" level="INFO">Node startup parameters: ['node', 'D:\\Omat\\Github\\software-testing-2024\\robot_examples\\demo_browser_20240506\\.venv\\Lib\\site-packages\\Browser\\wrapper\\index.js', '50865']</msg>
<msg time="2024-12-06T17:28:44.305120" level="INFO">Successfully created browser with options: {"browser":"chromium","headless":false,"chromiumSandbox":false,"devtools":false,"handleSIGHUP":true,"handleSIGINT":true,"handleSIGTERM":true,"slowMo":0,"timeout":30000,"tracesDir":"D:\\Omat\\Github\\software-testing-2024\\robot_examples\\demo_browser_20240506\\browser\\traces\\temp\\e6019145-fb10-4298-a66c-6f66df0b35cd"}</msg>
<arg>chromium</arg>
<arg>headless=false</arg>
<tag>BrowserControl</tag>
<tag>Setter</tag>
<doc>Create a new playwright Browser with specified options.</doc>
<status status="PASS" start="2024-12-06T17:28:40.597983" elapsed="3.707137"/>
</kw>
<kw name="New Context" owner="Browser">
<msg time="2024-12-06T17:28:44.316147" level="INFO">{
  "acceptDownloads": true,
  "bypassCSP": false,
  "forcedColors": "none",
  "ignoreHTTPSErrors": false,
  "javaScriptEnabled": true,
  "offline": false,
  "reducedMotion": "no-preference",
  "serviceWorkers": "allow",
  "viewport": {
    "width": 1280,
    "height": 720
  }
}</msg>
<msg time="2024-12-06T17:28:44.360206" level="INFO">Successfully created context. </msg>
<msg time="2024-12-06T17:28:44.360206" level="INFO">{'acceptDownloads': True, 'bypassCSP': False, 'forcedColors': 'none', 'ignoreHTTPSErrors': False, 'javaScriptEnabled': True, 'offline': False, 'reducedMotion': 'no-preference', 'serviceWorkers': 'allow', 'viewport': {'width': 1280, 'height': 720}}</msg>
<tag>BrowserControl</tag>
<tag>Setter</tag>
<doc>Create a new BrowserContext with specified options.</doc>
<status status="PASS" start="2024-12-06T17:28:44.316147" elapsed="0.044059"/>
</kw>
<kw name="New Page" owner="Browser">
<msg time="2024-12-06T17:28:44.962103" level="INFO">Successfully initialized new page object and opened url: about:blank</msg>
<tag>BrowserControl</tag>
<tag>Setter</tag>
<doc>Open a new Page.</doc>
<status status="PASS" start="2024-12-06T17:28:44.376285" elapsed="0.585818"/>
</kw>
<kw name="Go To" owner="Browser">
<msg time="2024-12-06T17:28:48.851268" level="INFO">Successfully opened URL https://robotframework-browser.org/</msg>
<arg>${URL}</arg>
<tag>BrowserControl</tag>
<tag>Setter</tag>
<doc>Navigates to the given ``url``.</doc>
<status status="PASS" start="2024-12-06T17:28:44.965119" elapsed="3.886149"/>
</kw>
<kw name="Get Title" owner="Browser">
<msg time="2024-12-06T17:28:48.871346" level="INFO">Title: 'Browser Library'</msg>
<arg>==</arg>
<arg>Browser Library</arg>
<tag>Assertion</tag>
<tag>Getter</tag>
<tag>PageContent</tag>
<doc>Returns the title of the current page.</doc>
<status status="PASS" start="2024-12-06T17:28:48.855294" elapsed="0.016052"/>
</kw>
<kw name="Take Screenshot" owner="Browser">
<msg time="2024-12-06T17:28:49.148042" level="INFO" html="true">&lt;/td&gt;&lt;/tr&gt;&lt;tr&gt;&lt;td colspan="3"&gt;&lt;a href="browser/screenshot/robotframework-browser-screenshot-1.png" target="_blank"&gt;&lt;img src="browser/screenshot/robotframework-browser-screenshot-1.png" width="800px"/&gt;&lt;/a&gt;</msg>
<tag>PageContent</tag>
<doc>Takes a screenshot of the current window or element and saves it to disk.</doc>
<status status="PASS" start="2024-12-06T17:28:48.875363" elapsed="0.272679"/>
</kw>
<kw name="Close Browser" owner="Browser">
<msg time="2024-12-06T17:28:50.066160" level="INFO">Closed browser</msg>
<tag>BrowserControl</tag>
<tag>Setter</tag>
<doc>Closes the current browser.</doc>
<status status="PASS" start="2024-12-06T17:28:49.149040" elapsed="0.917927"/>
</kw>
<status status="PASS" start="2024-12-06T17:28:40.595935" elapsed="9.471032"/>
</test>
<doc>A simple test suite for demonstrating the Browser library.</doc>
<status status="PASS" start="2024-12-06T17:28:40.168997" elapsed="9.947889"/>
</suite>
<status status="PASS" start="2024-12-06T17:28:40.084352" elapsed="10.078834"/>
</suite>
<statistics>
<total>
<stat pass="1" fail="0" skip="0">All Tests</stat>
</total>
<tag>
</tag>
<suite>
<stat pass="1" fail="0" skip="0" id="s1" name="Tests">Tests</stat>
<stat pass="1" fail="0" skip="0" id="s1-s1" name="Test">Tests.Test</stat>
</suite>
</statistics>
<errors>
</errors>
</robot>
